D:\HOSTSHARE\COCOS2D-X-2.2.5\COCOSDENSHION\PROJ.WIN32\DEBUG.WIN32\MCIPLAYER.OBJ
D:\HOSTSHARE\COCOS2D-X-2.2.5\COCOSDENSHION\PROJ.WIN32\DEBUG.WIN32\SIMPLEAUDIOENGINE.OBJ
D:\HOSTSHARE\COCOS2D-X-2.2.5\COCOSDENSHION\PROJ.WIN32\DEBUG.WIN32\VC110.PDB
D:\HostShare\cocos2d-x-2.2.5\projects\TextPoker\proj.win32\Debug.win32\libCocosDenshion.lib
D:\HostShare\cocos2d-x-2.2.5\projects\TextPoker\proj.win32\Debug.win32\libCocosDenshion.exp
D:\HOSTSHARE\COCOS2D-X-2.2.5\PROJECTS\TEXTPOKER\PROJ.WIN32\DEBUG.WIN32\LIBCOCOSDENSHION.DLL
D:\HOSTSHARE\COCOS2D-X-2.2.5\PROJECTS\TEXTPOKER\PROJ.WIN32\DEBUG.WIN32\LIBCOCOSDENSHION.PDB
D:\HostShare\cocos2d-x-2.2.5\CocosDenshion\proj.win32\Debug.win32\MciPlayer.obj
D:\HostShare\cocos2d-x-2.2.5\CocosDenshion\proj.win32\Debug.win32\SimpleAudioEngine.obj
D:\HostShare\cocos2d-x-2.2.5\CocosDenshion\proj.win32\Debug.win32\cl.command.1.tlog
D:\HostShare\cocos2d-x-2.2.5\CocosDenshion\proj.win32\Debug.win32\CL.read.1.tlog
D:\HostShare\cocos2d-x-2.2.5\CocosDenshion\proj.win32\Debug.win32\CL.read.2.tlog
D:\HostShare\cocos2d-x-2.2.5\CocosDenshion\proj.win32\Debug.win32\CL.write.1.tlog
D:\HostShare\cocos2d-x-2.2.5\CocosDenshion\proj.win32\Debug.win32\libCocosDenshion.write.1.tlog
D:\HostShare\cocos2d-x-2.2.5\CocosDenshion\proj.win32\Debug.win32\link-cvtres.read.1.tlog
D:\HostShare\cocos2d-x-2.2.5\CocosDenshion\proj.win32\Debug.win32\link-cvtres.write.1.tlog
D:\HostShare\cocos2d-x-2.2.5\CocosDenshion\proj.win32\Debug.win32\link-rc.read.1.tlog
D:\HostShare\cocos2d-x-2.2.5\CocosDenshion\proj.win32\Debug.win32\link-rc.read.3.tlog
D:\HostShare\cocos2d-x-2.2.5\CocosDenshion\proj.win32\Debug.win32\link-rc.write.1.tlog
D:\HostShare\cocos2d-x-2.2.5\CocosDenshion\proj.win32\Debug.win32\link.command.1.tlog
D:\HostShare\cocos2d-x-2.2.5\CocosDenshion\proj.win32\Debug.win32\link.read.1.tlog
D:\HostShare\cocos2d-x-2.2.5\CocosDenshion\proj.win32\Debug.win32\link.read.2.tlog
D:\HostShare\cocos2d-x-2.2.5\CocosDenshion\proj.win32\Debug.win32\link.write.1.tlog
D:\HostShare\cocos2d-x-2.2.5\CocosDenshion\proj.win32\Debug.win32\vc110.idb
D:\HostShare\cocos2d-x-2.2.5\CocosDenshion\proj.win32\Debug.win32\vc110.pdb
D:\HostShare\cocos2d-x-2.2.5\projects\TextPoker\proj.win32\Debug.win32\libCocosDenshion.pdb
D:\HostShare\cocos2d-x-2.2.5\projects\TextPoker\proj.win32\Debug.win32\libCocosDenshion.dll
