D:\HOSTSHARE\COCOS2D-X-2.2.5\EXTENSIONS\PROJ.WIN32\DEBUG.WIN32\LIBEXTENSIONS.PCH
D:\HOSTSHARE\COCOS2D-X-2.2.5\EXTENSIONS\PROJ.WIN32\DEBUG.WIN32\PCH.OBJ
D:\HOSTSHARE\COCOS2D-X-2.2.5\EXTENSIONS\PROJ.WIN32\DEBUG.WIN32\VC110.PDB
D:\HOSTSHARE\COCOS2D-X-2.2.5\EXTENSIONS\PROJ.WIN32\DEBUG.WIN32\ANIMATIONSTATEDATA.OBJ
D:\HOSTSHARE\COCOS2D-X-2.2.5\EXTENSIONS\PROJ.WIN32\DEBUG.WIN32\ATLAS.OBJ
D:\HOSTSHARE\COCOS2D-X-2.2.5\EXTENSIONS\PROJ.WIN32\DEBUG.WIN32\ATLASATTACHMENTLOADER.OBJ
D:\HOSTSHARE\COCOS2D-X-2.2.5\EXTENSIONS\PROJ.WIN32\DEBUG.WIN32\ATTACHMENT.OBJ
D:\HOSTSHARE\COCOS2D-X-2.2.5\EXTENSIONS\PROJ.WIN32\DEBUG.WIN32\ATTACHMENTLOADER.OBJ
D:\HOSTSHARE\COCOS2D-X-2.2.5\EXTENSIONS\PROJ.WIN32\DEBUG.WIN32\BONE.OBJ
D:\HOSTSHARE\COCOS2D-X-2.2.5\EXTENSIONS\PROJ.WIN32\DEBUG.WIN32\BONEDATA.OBJ
D:\HOSTSHARE\COCOS2D-X-2.2.5\EXTENSIONS\PROJ.WIN32\DEBUG.WIN32\CCSKELETON.OBJ
D:\HOSTSHARE\COCOS2D-X-2.2.5\EXTENSIONS\PROJ.WIN32\DEBUG.WIN32\CCSKELETONANIMATION.OBJ
D:\HOSTSHARE\COCOS2D-X-2.2.5\EXTENSIONS\PROJ.WIN32\DEBUG.WIN32\EXTENSION.OBJ
D:\HOSTSHARE\COCOS2D-X-2.2.5\EXTENSIONS\PROJ.WIN32\DEBUG.WIN32\JSON.OBJ
D:\HOSTSHARE\COCOS2D-X-2.2.5\EXTENSIONS\PROJ.WIN32\DEBUG.WIN32\REGIONATTACHMENT.OBJ
D:\HOSTSHARE\COCOS2D-X-2.2.5\EXTENSIONS\PROJ.WIN32\DEBUG.WIN32\SKELETON.OBJ
D:\HOSTSHARE\COCOS2D-X-2.2.5\EXTENSIONS\PROJ.WIN32\DEBUG.WIN32\SKELETONDATA.OBJ
D:\HOSTSHARE\COCOS2D-X-2.2.5\EXTENSIONS\PROJ.WIN32\DEBUG.WIN32\SKELETONJSON.OBJ
D:\HOSTSHARE\COCOS2D-X-2.2.5\EXTENSIONS\PROJ.WIN32\DEBUG.WIN32\SKIN.OBJ
D:\HOSTSHARE\COCOS2D-X-2.2.5\EXTENSIONS\PROJ.WIN32\DEBUG.WIN32\SLOT.OBJ
D:\HOSTSHARE\COCOS2D-X-2.2.5\EXTENSIONS\PROJ.WIN32\DEBUG.WIN32\SLOTDATA.OBJ
D:\HOSTSHARE\COCOS2D-X-2.2.5\EXTENSIONS\PROJ.WIN32\DEBUG.WIN32\SPINE-COCOS2DX.OBJ
D:\HOSTSHARE\COCOS2D-X-2.2.5\EXTENSIONS\PROJ.WIN32\DEBUG.WIN32\WIN32INPUTBOX.OBJ
D:\HOSTSHARE\COCOS2D-X-2.2.5\EXTENSIONS\PROJ.WIN32\DEBUG.WIN32\CCCONTROLSATURATIONBRIGHTNESSPICKER.OBJ
D:\HOSTSHARE\COCOS2D-X-2.2.5\EXTENSIONS\PROJ.WIN32\DEBUG.WIN32\CCCONTROLSLIDER.OBJ
D:\HOSTSHARE\COCOS2D-X-2.2.5\EXTENSIONS\PROJ.WIN32\DEBUG.WIN32\CCCONTROLSTEPPER.OBJ
D:\HOSTSHARE\COCOS2D-X-2.2.5\EXTENSIONS\PROJ.WIN32\DEBUG.WIN32\CCCONTROLSWITCH.OBJ
D:\HOSTSHARE\COCOS2D-X-2.2.5\EXTENSIONS\PROJ.WIN32\DEBUG.WIN32\CCCONTROLUTILS.OBJ
D:\HOSTSHARE\COCOS2D-X-2.2.5\EXTENSIONS\PROJ.WIN32\DEBUG.WIN32\CCINVOCATION.OBJ
D:\HOSTSHARE\COCOS2D-X-2.2.5\EXTENSIONS\PROJ.WIN32\DEBUG.WIN32\CCSCALE9SPRITE.OBJ
D:\HOSTSHARE\COCOS2D-X-2.2.5\EXTENSIONS\PROJ.WIN32\DEBUG.WIN32\CCEDITBOX.OBJ
D:\HOSTSHARE\COCOS2D-X-2.2.5\EXTENSIONS\PROJ.WIN32\DEBUG.WIN32\CCEDITBOXIMPLWIN.OBJ
D:\HOSTSHARE\COCOS2D-X-2.2.5\EXTENSIONS\PROJ.WIN32\DEBUG.WIN32\CCSCROLLVIEW.OBJ
D:\HOSTSHARE\COCOS2D-X-2.2.5\EXTENSIONS\PROJ.WIN32\DEBUG.WIN32\CCSORTING.OBJ
D:\HOSTSHARE\COCOS2D-X-2.2.5\EXTENSIONS\PROJ.WIN32\DEBUG.WIN32\CCTABLEVIEW.OBJ
D:\HOSTSHARE\COCOS2D-X-2.2.5\EXTENSIONS\PROJ.WIN32\DEBUG.WIN32\CCTABLEVIEWCELL.OBJ
D:\HOSTSHARE\COCOS2D-X-2.2.5\EXTENSIONS\PROJ.WIN32\DEBUG.WIN32\LOCALSTORAGE.OBJ
D:\HOSTSHARE\COCOS2D-X-2.2.5\EXTENSIONS\PROJ.WIN32\DEBUG.WIN32\HTTPCLIENT.OBJ
D:\HOSTSHARE\COCOS2D-X-2.2.5\EXTENSIONS\PROJ.WIN32\DEBUG.WIN32\WEBSOCKET.OBJ
D:\HOSTSHARE\COCOS2D-X-2.2.5\EXTENSIONS\PROJ.WIN32\DEBUG.WIN32\CCPHYSICSDEBUGNODE.OBJ
D:\HOSTSHARE\COCOS2D-X-2.2.5\EXTENSIONS\PROJ.WIN32\DEBUG.WIN32\CCPHYSICSSPRITE.OBJ
D:\HOSTSHARE\COCOS2D-X-2.2.5\EXTENSIONS\PROJ.WIN32\DEBUG.WIN32\ANIMATION.OBJ
D:\HOSTSHARE\COCOS2D-X-2.2.5\EXTENSIONS\PROJ.WIN32\DEBUG.WIN32\ANIMATIONSTATE.OBJ
D:\HOSTSHARE\COCOS2D-X-2.2.5\EXTENSIONS\PROJ.WIN32\DEBUG.WIN32\LABELATLASREADER.OBJ
D:\HOSTSHARE\COCOS2D-X-2.2.5\EXTENSIONS\PROJ.WIN32\DEBUG.WIN32\LABELBMFONTREADER.OBJ
D:\HOSTSHARE\COCOS2D-X-2.2.5\EXTENSIONS\PROJ.WIN32\DEBUG.WIN32\LABELREADER.OBJ
D:\HOSTSHARE\COCOS2D-X-2.2.5\EXTENSIONS\PROJ.WIN32\DEBUG.WIN32\LAYOUTREADER.OBJ
D:\HOSTSHARE\COCOS2D-X-2.2.5\EXTENSIONS\PROJ.WIN32\DEBUG.WIN32\LISTVIEWREADER.OBJ
D:\HOSTSHARE\COCOS2D-X-2.2.5\EXTENSIONS\PROJ.WIN32\DEBUG.WIN32\LOADINGBARREADER.OBJ
D:\HOSTSHARE\COCOS2D-X-2.2.5\EXTENSIONS\PROJ.WIN32\DEBUG.WIN32\PAGEVIEWREADER.OBJ
D:\HOSTSHARE\COCOS2D-X-2.2.5\EXTENSIONS\PROJ.WIN32\DEBUG.WIN32\SCROLLVIEWREADER.OBJ
D:\HOSTSHARE\COCOS2D-X-2.2.5\EXTENSIONS\PROJ.WIN32\DEBUG.WIN32\SLIDERREADER.OBJ
D:\HOSTSHARE\COCOS2D-X-2.2.5\EXTENSIONS\PROJ.WIN32\DEBUG.WIN32\TEXTFIELDREADER.OBJ
D:\HOSTSHARE\COCOS2D-X-2.2.5\EXTENSIONS\PROJ.WIN32\DEBUG.WIN32\WIDGETREADER.OBJ
D:\HOSTSHARE\COCOS2D-X-2.2.5\EXTENSIONS\PROJ.WIN32\DEBUG.WIN32\OBJECTFACTORY.OBJ
D:\HOSTSHARE\COCOS2D-X-2.2.5\EXTENSIONS\PROJ.WIN32\DEBUG.WIN32\TRIGGERBASE.OBJ
D:\HOSTSHARE\COCOS2D-X-2.2.5\EXTENSIONS\PROJ.WIN32\DEBUG.WIN32\TRIGGERMNG.OBJ
D:\HOSTSHARE\COCOS2D-X-2.2.5\EXTENSIONS\PROJ.WIN32\DEBUG.WIN32\TRIGGEROBJ.OBJ
D:\HOSTSHARE\COCOS2D-X-2.2.5\EXTENSIONS\PROJ.WIN32\DEBUG.WIN32\CCCONTROL.OBJ
D:\HOSTSHARE\COCOS2D-X-2.2.5\EXTENSIONS\PROJ.WIN32\DEBUG.WIN32\CCCONTROLBUTTON.OBJ
D:\HOSTSHARE\COCOS2D-X-2.2.5\EXTENSIONS\PROJ.WIN32\DEBUG.WIN32\CCCONTROLCOLOURPICKER.OBJ
D:\HOSTSHARE\COCOS2D-X-2.2.5\EXTENSIONS\PROJ.WIN32\DEBUG.WIN32\CCCONTROLHUEPICKER.OBJ
D:\HOSTSHARE\COCOS2D-X-2.2.5\EXTENSIONS\PROJ.WIN32\DEBUG.WIN32\CCCONTROLPOTENTIOMETER.OBJ
D:\HOSTSHARE\COCOS2D-X-2.2.5\EXTENSIONS\PROJ.WIN32\DEBUG.WIN32\UILISTVIEW.OBJ
D:\HOSTSHARE\COCOS2D-X-2.2.5\EXTENSIONS\PROJ.WIN32\DEBUG.WIN32\UIPAGEVIEW.OBJ
D:\HOSTSHARE\COCOS2D-X-2.2.5\EXTENSIONS\PROJ.WIN32\DEBUG.WIN32\UISCROLLVIEW.OBJ
D:\HOSTSHARE\COCOS2D-X-2.2.5\EXTENSIONS\PROJ.WIN32\DEBUG.WIN32\UIBUTTON.OBJ
D:\HOSTSHARE\COCOS2D-X-2.2.5\EXTENSIONS\PROJ.WIN32\DEBUG.WIN32\UICHECKBOX.OBJ
D:\HOSTSHARE\COCOS2D-X-2.2.5\EXTENSIONS\PROJ.WIN32\DEBUG.WIN32\UIIMAGEVIEW.OBJ
D:\HOSTSHARE\COCOS2D-X-2.2.5\EXTENSIONS\PROJ.WIN32\DEBUG.WIN32\UILABEL.OBJ
D:\HOSTSHARE\COCOS2D-X-2.2.5\EXTENSIONS\PROJ.WIN32\DEBUG.WIN32\UILABELATLAS.OBJ
D:\HOSTSHARE\COCOS2D-X-2.2.5\EXTENSIONS\PROJ.WIN32\DEBUG.WIN32\UILABELBMFONT.OBJ
D:\HOSTSHARE\COCOS2D-X-2.2.5\EXTENSIONS\PROJ.WIN32\DEBUG.WIN32\UILOADINGBAR.OBJ
D:\HOSTSHARE\COCOS2D-X-2.2.5\EXTENSIONS\PROJ.WIN32\DEBUG.WIN32\UIRICHTEXT.OBJ
D:\HOSTSHARE\COCOS2D-X-2.2.5\EXTENSIONS\PROJ.WIN32\DEBUG.WIN32\UISLIDER.OBJ
D:\HOSTSHARE\COCOS2D-X-2.2.5\EXTENSIONS\PROJ.WIN32\DEBUG.WIN32\UITEXTFIELD.OBJ
D:\HOSTSHARE\COCOS2D-X-2.2.5\EXTENSIONS\PROJ.WIN32\DEBUG.WIN32\COCOLOADER.OBJ
D:\HOSTSHARE\COCOS2D-X-2.2.5\EXTENSIONS\PROJ.WIN32\DEBUG.WIN32\DICTIONARYHELPER.OBJ
D:\HOSTSHARE\COCOS2D-X-2.2.5\EXTENSIONS\PROJ.WIN32\DEBUG.WIN32\GUIREADER.OBJ
D:\HOSTSHARE\COCOS2D-X-2.2.5\EXTENSIONS\PROJ.WIN32\DEBUG.WIN32\SCENEREADER.OBJ
D:\HOSTSHARE\COCOS2D-X-2.2.5\EXTENSIONS\PROJ.WIN32\DEBUG.WIN32\BUTTONREADER.OBJ
D:\HOSTSHARE\COCOS2D-X-2.2.5\EXTENSIONS\PROJ.WIN32\DEBUG.WIN32\CHECKBOXREADER.OBJ
D:\HOSTSHARE\COCOS2D-X-2.2.5\EXTENSIONS\PROJ.WIN32\DEBUG.WIN32\IMAGEVIEWREADER.OBJ
D:\HOSTSHARE\COCOS2D-X-2.2.5\EXTENSIONS\PROJ.WIN32\DEBUG.WIN32\CCCOLLIDERDETECTOR.OBJ
D:\HOSTSHARE\COCOS2D-X-2.2.5\EXTENSIONS\PROJ.WIN32\DEBUG.WIN32\CCARMATUREDATAMANAGER.OBJ
D:\HOSTSHARE\COCOS2D-X-2.2.5\EXTENSIONS\PROJ.WIN32\DEBUG.WIN32\CCARMATUREDEFINE.OBJ
D:\HOSTSHARE\COCOS2D-X-2.2.5\EXTENSIONS\PROJ.WIN32\DEBUG.WIN32\CCDATAREADERHELPER.OBJ
D:\HOSTSHARE\COCOS2D-X-2.2.5\EXTENSIONS\PROJ.WIN32\DEBUG.WIN32\CCSPRITEFRAMECACHEHELPER.OBJ
D:\HOSTSHARE\COCOS2D-X-2.2.5\EXTENSIONS\PROJ.WIN32\DEBUG.WIN32\CCTRANSFORMHELP.OBJ
D:\HOSTSHARE\COCOS2D-X-2.2.5\EXTENSIONS\PROJ.WIN32\DEBUG.WIN32\CCTWEENFUNCTION.OBJ
D:\HOSTSHARE\COCOS2D-X-2.2.5\EXTENSIONS\PROJ.WIN32\DEBUG.WIN32\CCUTILMATH.OBJ
D:\HOSTSHARE\COCOS2D-X-2.2.5\EXTENSIONS\PROJ.WIN32\DEBUG.WIN32\CCCOMATTRIBUTE.OBJ
D:\HOSTSHARE\COCOS2D-X-2.2.5\EXTENSIONS\PROJ.WIN32\DEBUG.WIN32\CCCOMAUDIO.OBJ
D:\HOSTSHARE\COCOS2D-X-2.2.5\EXTENSIONS\PROJ.WIN32\DEBUG.WIN32\CCCOMCONTROLLER.OBJ
D:\HOSTSHARE\COCOS2D-X-2.2.5\EXTENSIONS\PROJ.WIN32\DEBUG.WIN32\CCCOMRENDER.OBJ
D:\HOSTSHARE\COCOS2D-X-2.2.5\EXTENSIONS\PROJ.WIN32\DEBUG.WIN32\CCINPUTDELEGATE.OBJ
D:\HOSTSHARE\COCOS2D-X-2.2.5\EXTENSIONS\PROJ.WIN32\DEBUG.WIN32\UIWIDGET.OBJ
D:\HOSTSHARE\COCOS2D-X-2.2.5\EXTENSIONS\PROJ.WIN32\DEBUG.WIN32\UILAYOUT.OBJ
D:\HOSTSHARE\COCOS2D-X-2.2.5\EXTENSIONS\PROJ.WIN32\DEBUG.WIN32\UILAYOUTDEFINE.OBJ
D:\HOSTSHARE\COCOS2D-X-2.2.5\EXTENSIONS\PROJ.WIN32\DEBUG.WIN32\UILAYOUTPARAMETER.OBJ
D:\HOSTSHARE\COCOS2D-X-2.2.5\EXTENSIONS\PROJ.WIN32\DEBUG.WIN32\COCOSGUI.OBJ
D:\HOSTSHARE\COCOS2D-X-2.2.5\EXTENSIONS\PROJ.WIN32\DEBUG.WIN32\UIHELPER.OBJ
D:\HOSTSHARE\COCOS2D-X-2.2.5\EXTENSIONS\PROJ.WIN32\DEBUG.WIN32\UITOUCHGROUP.OBJ
D:\HOSTSHARE\COCOS2D-X-2.2.5\EXTENSIONS\PROJ.WIN32\DEBUG.WIN32\CCFRAME.OBJ
D:\HOSTSHARE\COCOS2D-X-2.2.5\EXTENSIONS\PROJ.WIN32\DEBUG.WIN32\CCNODEREADER.OBJ
D:\HOSTSHARE\COCOS2D-X-2.2.5\EXTENSIONS\PROJ.WIN32\DEBUG.WIN32\CCTIMELINE.OBJ
D:\HOSTSHARE\COCOS2D-X-2.2.5\EXTENSIONS\PROJ.WIN32\DEBUG.WIN32\CCACTIONEASEEX.OBJ
D:\HOSTSHARE\COCOS2D-X-2.2.5\EXTENSIONS\PROJ.WIN32\DEBUG.WIN32\CCACTIONFRAME.OBJ
D:\HOSTSHARE\COCOS2D-X-2.2.5\EXTENSIONS\PROJ.WIN32\DEBUG.WIN32\CCACTIONFRAMEEASING.OBJ
D:\HOSTSHARE\COCOS2D-X-2.2.5\EXTENSIONS\PROJ.WIN32\DEBUG.WIN32\CCACTIONMANAGER.OBJ
D:\HOSTSHARE\COCOS2D-X-2.2.5\EXTENSIONS\PROJ.WIN32\DEBUG.WIN32\CCACTIONNODE.OBJ
D:\HOSTSHARE\COCOS2D-X-2.2.5\EXTENSIONS\PROJ.WIN32\DEBUG.WIN32\CCACTIONOBJECT.OBJ
D:\HOSTSHARE\COCOS2D-X-2.2.5\EXTENSIONS\PROJ.WIN32\DEBUG.WIN32\CCARMATUREANIMATION.OBJ
D:\HOSTSHARE\COCOS2D-X-2.2.5\EXTENSIONS\PROJ.WIN32\DEBUG.WIN32\CCPROCESSBASE.OBJ
D:\HOSTSHARE\COCOS2D-X-2.2.5\EXTENSIONS\PROJ.WIN32\DEBUG.WIN32\CCTWEEN.OBJ
D:\HOSTSHARE\COCOS2D-X-2.2.5\EXTENSIONS\PROJ.WIN32\DEBUG.WIN32\CCARMATURE.OBJ
D:\HOSTSHARE\COCOS2D-X-2.2.5\EXTENSIONS\PROJ.WIN32\DEBUG.WIN32\CCBONE.OBJ
D:\HOSTSHARE\COCOS2D-X-2.2.5\EXTENSIONS\PROJ.WIN32\DEBUG.WIN32\CCDATAS.OBJ
D:\HOSTSHARE\COCOS2D-X-2.2.5\EXTENSIONS\PROJ.WIN32\DEBUG.WIN32\CCBATCHNODE.OBJ
D:\HOSTSHARE\COCOS2D-X-2.2.5\EXTENSIONS\PROJ.WIN32\DEBUG.WIN32\CCDECORATIVEDISPLAY.OBJ
D:\HOSTSHARE\COCOS2D-X-2.2.5\EXTENSIONS\PROJ.WIN32\DEBUG.WIN32\CCDISPLAYFACTORY.OBJ
D:\HOSTSHARE\COCOS2D-X-2.2.5\EXTENSIONS\PROJ.WIN32\DEBUG.WIN32\CCDISPLAYMANAGER.OBJ
D:\HOSTSHARE\COCOS2D-X-2.2.5\EXTENSIONS\PROJ.WIN32\DEBUG.WIN32\CCSKIN.OBJ
D:\HOSTSHARE\COCOS2D-X-2.2.5\EXTENSIONS\PROJ.WIN32\DEBUG.WIN32\CCBVALUE.OBJ
D:\HOSTSHARE\COCOS2D-X-2.2.5\EXTENSIONS\PROJ.WIN32\DEBUG.WIN32\CCCONTROLBUTTONLOADER.OBJ
D:\HOSTSHARE\COCOS2D-X-2.2.5\EXTENSIONS\PROJ.WIN32\DEBUG.WIN32\CCCONTROLLOADER.OBJ
D:\HOSTSHARE\COCOS2D-X-2.2.5\EXTENSIONS\PROJ.WIN32\DEBUG.WIN32\CCDATA.OBJ
D:\HOSTSHARE\COCOS2D-X-2.2.5\EXTENSIONS\PROJ.WIN32\DEBUG.WIN32\CCLABELBMFONTLOADER.OBJ
D:\HOSTSHARE\COCOS2D-X-2.2.5\EXTENSIONS\PROJ.WIN32\DEBUG.WIN32\CCLABELTTFLOADER.OBJ
D:\HOSTSHARE\COCOS2D-X-2.2.5\EXTENSIONS\PROJ.WIN32\DEBUG.WIN32\CCLAYERCOLORLOADER.OBJ
D:\HOSTSHARE\COCOS2D-X-2.2.5\EXTENSIONS\PROJ.WIN32\DEBUG.WIN32\CCLAYERGRADIENTLOADER.OBJ
D:\HOSTSHARE\COCOS2D-X-2.2.5\EXTENSIONS\PROJ.WIN32\DEBUG.WIN32\CCLAYERLOADER.OBJ
D:\HOSTSHARE\COCOS2D-X-2.2.5\EXTENSIONS\PROJ.WIN32\DEBUG.WIN32\CCMENUITEMIMAGELOADER.OBJ
D:\HOSTSHARE\COCOS2D-X-2.2.5\EXTENSIONS\PROJ.WIN32\DEBUG.WIN32\CCMENUITEMLOADER.OBJ
D:\HOSTSHARE\COCOS2D-X-2.2.5\EXTENSIONS\PROJ.WIN32\DEBUG.WIN32\CCNODE+CCBRELATIVEPOSITIONING.OBJ
D:\HOSTSHARE\COCOS2D-X-2.2.5\EXTENSIONS\PROJ.WIN32\DEBUG.WIN32\CCNODELOADER.OBJ
D:\HOSTSHARE\COCOS2D-X-2.2.5\EXTENSIONS\PROJ.WIN32\DEBUG.WIN32\CCNODELOADERLIBRARY.OBJ
D:\HOSTSHARE\COCOS2D-X-2.2.5\EXTENSIONS\PROJ.WIN32\DEBUG.WIN32\CCPARTICLESYSTEMQUADLOADER.OBJ
D:\HOSTSHARE\COCOS2D-X-2.2.5\EXTENSIONS\PROJ.WIN32\DEBUG.WIN32\CCSCALE9SPRITELOADER.OBJ
D:\HOSTSHARE\COCOS2D-X-2.2.5\EXTENSIONS\PROJ.WIN32\DEBUG.WIN32\CCSCROLLVIEWLOADER.OBJ
D:\HOSTSHARE\COCOS2D-X-2.2.5\EXTENSIONS\PROJ.WIN32\DEBUG.WIN32\CCSPRITELOADER.OBJ
D:\HOSTSHARE\COCOS2D-X-2.2.5\EXTENSIONS\PROJ.WIN32\DEBUG.WIN32\CCACTIONTIMELINE.OBJ
D:\HOSTSHARE\COCOS2D-X-2.2.5\EXTENSIONS\PROJ.WIN32\DEBUG.WIN32\CCACTIONTIMELINECACHE.OBJ
D:\HOSTSHARE\COCOS2D-X-2.2.5\EXTENSIONS\PROJ.WIN32\DEBUG.WIN32\ASSETSMANAGER.OBJ
D:\HOSTSHARE\COCOS2D-X-2.2.5\EXTENSIONS\PROJ.WIN32\DEBUG.WIN32\CCBANIMATIONMANAGER.OBJ
D:\HOSTSHARE\COCOS2D-X-2.2.5\EXTENSIONS\PROJ.WIN32\DEBUG.WIN32\CCBFILELOADER.OBJ
D:\HOSTSHARE\COCOS2D-X-2.2.5\EXTENSIONS\PROJ.WIN32\DEBUG.WIN32\CCBKEYFRAME.OBJ
D:\HOSTSHARE\COCOS2D-X-2.2.5\EXTENSIONS\PROJ.WIN32\DEBUG.WIN32\CCBREADER.OBJ
D:\HOSTSHARE\COCOS2D-X-2.2.5\EXTENSIONS\PROJ.WIN32\DEBUG.WIN32\CCBSEQUENCE.OBJ
D:\HOSTSHARE\COCOS2D-X-2.2.5\EXTENSIONS\PROJ.WIN32\DEBUG.WIN32\CCBSEQUENCEPROPERTY.OBJ
D:\HostShare\cocos2d-x-2.2.5\projects\TextPoker\proj.win32\Debug.win32\libExtensions.lib
D:\HostShare\cocos2d-x-2.2.5\projects\TextPoker\proj.win32\Debug.win32\libExtensions.exp
D:\HOSTSHARE\COCOS2D-X-2.2.5\PROJECTS\TEXTPOKER\PROJ.WIN32\DEBUG.WIN32\LIBEXTENSIONS.ILK
D:\HOSTSHARE\COCOS2D-X-2.2.5\PROJECTS\TEXTPOKER\PROJ.WIN32\DEBUG.WIN32\LIBEXTENSIONS.DLL
D:\HOSTSHARE\COCOS2D-X-2.2.5\PROJECTS\TEXTPOKER\PROJ.WIN32\DEBUG.WIN32\LIBEXTENSIONS.PDB
D:\HostShare\cocos2d-x-2.2.5\extensions\proj.win32\Debug.win32\Animation.obj
D:\HostShare\cocos2d-x-2.2.5\extensions\proj.win32\Debug.win32\AnimationState.obj
D:\HostShare\cocos2d-x-2.2.5\extensions\proj.win32\Debug.win32\AnimationStateData.obj
D:\HostShare\cocos2d-x-2.2.5\extensions\proj.win32\Debug.win32\AssetsManager.obj
D:\HostShare\cocos2d-x-2.2.5\extensions\proj.win32\Debug.win32\Atlas.obj
D:\HostShare\cocos2d-x-2.2.5\extensions\proj.win32\Debug.win32\AtlasAttachmentLoader.obj
D:\HostShare\cocos2d-x-2.2.5\extensions\proj.win32\Debug.win32\Attachment.obj
D:\HostShare\cocos2d-x-2.2.5\extensions\proj.win32\Debug.win32\AttachmentLoader.obj
D:\HostShare\cocos2d-x-2.2.5\extensions\proj.win32\Debug.win32\Bone.obj
D:\HostShare\cocos2d-x-2.2.5\extensions\proj.win32\Debug.win32\BoneData.obj
D:\HostShare\cocos2d-x-2.2.5\extensions\proj.win32\Debug.win32\ButtonReader.obj
D:\HostShare\cocos2d-x-2.2.5\extensions\proj.win32\Debug.win32\CCActionEaseEx.obj
D:\HostShare\cocos2d-x-2.2.5\extensions\proj.win32\Debug.win32\CCActionFrame.obj
D:\HostShare\cocos2d-x-2.2.5\extensions\proj.win32\Debug.win32\CCActionFrameEasing.obj
D:\HostShare\cocos2d-x-2.2.5\extensions\proj.win32\Debug.win32\CCActionManager.obj
D:\HostShare\cocos2d-x-2.2.5\extensions\proj.win32\Debug.win32\CCActionNode.obj
D:\HostShare\cocos2d-x-2.2.5\extensions\proj.win32\Debug.win32\CCActionObject.obj
D:\HostShare\cocos2d-x-2.2.5\extensions\proj.win32\Debug.win32\CCActionTimeline.obj
D:\HostShare\cocos2d-x-2.2.5\extensions\proj.win32\Debug.win32\CCActionTimelineCache.obj
D:\HostShare\cocos2d-x-2.2.5\extensions\proj.win32\Debug.win32\CCArmature.obj
D:\HostShare\cocos2d-x-2.2.5\extensions\proj.win32\Debug.win32\CCArmatureAnimation.obj
D:\HostShare\cocos2d-x-2.2.5\extensions\proj.win32\Debug.win32\CCArmatureDataManager.obj
D:\HostShare\cocos2d-x-2.2.5\extensions\proj.win32\Debug.win32\CCArmatureDefine.obj
D:\HostShare\cocos2d-x-2.2.5\extensions\proj.win32\Debug.win32\CCBAnimationManager.obj
D:\HostShare\cocos2d-x-2.2.5\extensions\proj.win32\Debug.win32\CCBatchNode.obj
D:\HostShare\cocos2d-x-2.2.5\extensions\proj.win32\Debug.win32\CCBFileLoader.obj
D:\HostShare\cocos2d-x-2.2.5\extensions\proj.win32\Debug.win32\CCBKeyframe.obj
D:\HostShare\cocos2d-x-2.2.5\extensions\proj.win32\Debug.win32\CCBone.obj
D:\HostShare\cocos2d-x-2.2.5\extensions\proj.win32\Debug.win32\CCBReader.obj
D:\HostShare\cocos2d-x-2.2.5\extensions\proj.win32\Debug.win32\CCBSequence.obj
D:\HostShare\cocos2d-x-2.2.5\extensions\proj.win32\Debug.win32\CCBSequenceProperty.obj
D:\HostShare\cocos2d-x-2.2.5\extensions\proj.win32\Debug.win32\CCBValue.obj
D:\HostShare\cocos2d-x-2.2.5\extensions\proj.win32\Debug.win32\CCColliderDetector.obj
D:\HostShare\cocos2d-x-2.2.5\extensions\proj.win32\Debug.win32\CCComAttribute.obj
D:\HostShare\cocos2d-x-2.2.5\extensions\proj.win32\Debug.win32\CCComAudio.obj
D:\HostShare\cocos2d-x-2.2.5\extensions\proj.win32\Debug.win32\CCComController.obj
D:\HostShare\cocos2d-x-2.2.5\extensions\proj.win32\Debug.win32\CCComRender.obj
D:\HostShare\cocos2d-x-2.2.5\extensions\proj.win32\Debug.win32\CCControl.obj
D:\HostShare\cocos2d-x-2.2.5\extensions\proj.win32\Debug.win32\CCControlButton.obj
D:\HostShare\cocos2d-x-2.2.5\extensions\proj.win32\Debug.win32\CCControlButtonLoader.obj
D:\HostShare\cocos2d-x-2.2.5\extensions\proj.win32\Debug.win32\CCControlColourPicker.obj
D:\HostShare\cocos2d-x-2.2.5\extensions\proj.win32\Debug.win32\CCControlHuePicker.obj
D:\HostShare\cocos2d-x-2.2.5\extensions\proj.win32\Debug.win32\CCControlLoader.obj
D:\HostShare\cocos2d-x-2.2.5\extensions\proj.win32\Debug.win32\CCControlPotentiometer.obj
D:\HostShare\cocos2d-x-2.2.5\extensions\proj.win32\Debug.win32\CCControlSaturationBrightnessPicker.obj
D:\HostShare\cocos2d-x-2.2.5\extensions\proj.win32\Debug.win32\CCControlSlider.obj
D:\HostShare\cocos2d-x-2.2.5\extensions\proj.win32\Debug.win32\CCControlStepper.obj
D:\HostShare\cocos2d-x-2.2.5\extensions\proj.win32\Debug.win32\CCControlSwitch.obj
D:\HostShare\cocos2d-x-2.2.5\extensions\proj.win32\Debug.win32\CCControlUtils.obj
D:\HostShare\cocos2d-x-2.2.5\extensions\proj.win32\Debug.win32\CCData.obj
D:\HostShare\cocos2d-x-2.2.5\extensions\proj.win32\Debug.win32\CCDataReaderHelper.obj
D:\HostShare\cocos2d-x-2.2.5\extensions\proj.win32\Debug.win32\CCDatas.obj
D:\HostShare\cocos2d-x-2.2.5\extensions\proj.win32\Debug.win32\CCDecorativeDisplay.obj
D:\HostShare\cocos2d-x-2.2.5\extensions\proj.win32\Debug.win32\CCDisplayFactory.obj
D:\HostShare\cocos2d-x-2.2.5\extensions\proj.win32\Debug.win32\CCDisplayManager.obj
D:\HostShare\cocos2d-x-2.2.5\extensions\proj.win32\Debug.win32\CCEditBox.obj
D:\HostShare\cocos2d-x-2.2.5\extensions\proj.win32\Debug.win32\CCEditBoxImplWin.obj
D:\HostShare\cocos2d-x-2.2.5\extensions\proj.win32\Debug.win32\CCFrame.obj
D:\HostShare\cocos2d-x-2.2.5\extensions\proj.win32\Debug.win32\CCInputDelegate.obj
D:\HostShare\cocos2d-x-2.2.5\extensions\proj.win32\Debug.win32\CCInvocation.obj
D:\HostShare\cocos2d-x-2.2.5\extensions\proj.win32\Debug.win32\CCLabelBMFontLoader.obj
D:\HostShare\cocos2d-x-2.2.5\extensions\proj.win32\Debug.win32\CCLabelTTFLoader.obj
D:\HostShare\cocos2d-x-2.2.5\extensions\proj.win32\Debug.win32\CCLayerColorLoader.obj
D:\HostShare\cocos2d-x-2.2.5\extensions\proj.win32\Debug.win32\CCLayerGradientLoader.obj
D:\HostShare\cocos2d-x-2.2.5\extensions\proj.win32\Debug.win32\CCLayerLoader.obj
D:\HostShare\cocos2d-x-2.2.5\extensions\proj.win32\Debug.win32\CCMenuItemImageLoader.obj
D:\HostShare\cocos2d-x-2.2.5\extensions\proj.win32\Debug.win32\CCMenuItemLoader.obj
D:\HostShare\cocos2d-x-2.2.5\extensions\proj.win32\Debug.win32\CCNode+CCBRelativePositioning.obj
D:\HostShare\cocos2d-x-2.2.5\extensions\proj.win32\Debug.win32\CCNodeLoader.obj
D:\HostShare\cocos2d-x-2.2.5\extensions\proj.win32\Debug.win32\CCNodeLoaderLibrary.obj
D:\HostShare\cocos2d-x-2.2.5\extensions\proj.win32\Debug.win32\CCNodeReader.obj
D:\HostShare\cocos2d-x-2.2.5\extensions\proj.win32\Debug.win32\CCParticleSystemQuadLoader.obj
D:\HostShare\cocos2d-x-2.2.5\extensions\proj.win32\Debug.win32\CCPhysicsDebugNode.obj
D:\HostShare\cocos2d-x-2.2.5\extensions\proj.win32\Debug.win32\CCPhysicsSprite.obj
D:\HostShare\cocos2d-x-2.2.5\extensions\proj.win32\Debug.win32\CCProcessBase.obj
D:\HostShare\cocos2d-x-2.2.5\extensions\proj.win32\Debug.win32\CCScale9Sprite.obj
D:\HostShare\cocos2d-x-2.2.5\extensions\proj.win32\Debug.win32\CCScale9SpriteLoader.obj
D:\HostShare\cocos2d-x-2.2.5\extensions\proj.win32\Debug.win32\CCScrollView.obj
D:\HostShare\cocos2d-x-2.2.5\extensions\proj.win32\Debug.win32\CCScrollViewLoader.obj
D:\HostShare\cocos2d-x-2.2.5\extensions\proj.win32\Debug.win32\CCSkeleton.obj
D:\HostShare\cocos2d-x-2.2.5\extensions\proj.win32\Debug.win32\CCSkeletonAnimation.obj
D:\HostShare\cocos2d-x-2.2.5\extensions\proj.win32\Debug.win32\CCSkin.obj
D:\HostShare\cocos2d-x-2.2.5\extensions\proj.win32\Debug.win32\CCSorting.obj
D:\HostShare\cocos2d-x-2.2.5\extensions\proj.win32\Debug.win32\CCSpriteFrameCacheHelper.obj
D:\HostShare\cocos2d-x-2.2.5\extensions\proj.win32\Debug.win32\CCSpriteLoader.obj
D:\HostShare\cocos2d-x-2.2.5\extensions\proj.win32\Debug.win32\CCTableView.obj
D:\HostShare\cocos2d-x-2.2.5\extensions\proj.win32\Debug.win32\CCTableViewCell.obj
D:\HostShare\cocos2d-x-2.2.5\extensions\proj.win32\Debug.win32\CCTimeLine.obj
D:\HostShare\cocos2d-x-2.2.5\extensions\proj.win32\Debug.win32\CCTransformHelp.obj
D:\HostShare\cocos2d-x-2.2.5\extensions\proj.win32\Debug.win32\CCTween.obj
D:\HostShare\cocos2d-x-2.2.5\extensions\proj.win32\Debug.win32\CCTweenFunction.obj
D:\HostShare\cocos2d-x-2.2.5\extensions\proj.win32\Debug.win32\CCUtilMath.obj
D:\HostShare\cocos2d-x-2.2.5\extensions\proj.win32\Debug.win32\CheckBoxReader.obj
D:\HostShare\cocos2d-x-2.2.5\extensions\proj.win32\Debug.win32\CocoLoader.obj
D:\HostShare\cocos2d-x-2.2.5\extensions\proj.win32\Debug.win32\CocosGUI.obj
D:\HostShare\cocos2d-x-2.2.5\extensions\proj.win32\Debug.win32\DictionaryHelper.obj
D:\HostShare\cocos2d-x-2.2.5\extensions\proj.win32\Debug.win32\extension.obj
D:\HostShare\cocos2d-x-2.2.5\extensions\proj.win32\Debug.win32\GUIReader.obj
D:\HostShare\cocos2d-x-2.2.5\extensions\proj.win32\Debug.win32\HttpClient.obj
D:\HostShare\cocos2d-x-2.2.5\extensions\proj.win32\Debug.win32\ImageViewReader.obj
D:\HostShare\cocos2d-x-2.2.5\extensions\proj.win32\Debug.win32\Json.obj
D:\HostShare\cocos2d-x-2.2.5\extensions\proj.win32\Debug.win32\LabelAtlasReader.obj
D:\HostShare\cocos2d-x-2.2.5\extensions\proj.win32\Debug.win32\LabelBMFontReader.obj
D:\HostShare\cocos2d-x-2.2.5\extensions\proj.win32\Debug.win32\LabelReader.obj
D:\HostShare\cocos2d-x-2.2.5\extensions\proj.win32\Debug.win32\LayoutReader.obj
D:\HostShare\cocos2d-x-2.2.5\extensions\proj.win32\Debug.win32\ListViewReader.obj
D:\HostShare\cocos2d-x-2.2.5\extensions\proj.win32\Debug.win32\LoadingBarReader.obj
D:\HostShare\cocos2d-x-2.2.5\extensions\proj.win32\Debug.win32\LocalStorage.obj
D:\HostShare\cocos2d-x-2.2.5\extensions\proj.win32\Debug.win32\ObjectFactory.obj
D:\HostShare\cocos2d-x-2.2.5\extensions\proj.win32\Debug.win32\PageViewReader.obj
D:\HostShare\cocos2d-x-2.2.5\extensions\proj.win32\Debug.win32\pch.obj
D:\HostShare\cocos2d-x-2.2.5\extensions\proj.win32\Debug.win32\RegionAttachment.obj
D:\HostShare\cocos2d-x-2.2.5\extensions\proj.win32\Debug.win32\SceneReader.obj
D:\HostShare\cocos2d-x-2.2.5\extensions\proj.win32\Debug.win32\ScrollViewReader.obj
D:\HostShare\cocos2d-x-2.2.5\extensions\proj.win32\Debug.win32\Skeleton.obj
D:\HostShare\cocos2d-x-2.2.5\extensions\proj.win32\Debug.win32\SkeletonData.obj
D:\HostShare\cocos2d-x-2.2.5\extensions\proj.win32\Debug.win32\SkeletonJson.obj
D:\HostShare\cocos2d-x-2.2.5\extensions\proj.win32\Debug.win32\Skin.obj
D:\HostShare\cocos2d-x-2.2.5\extensions\proj.win32\Debug.win32\SliderReader.obj
D:\HostShare\cocos2d-x-2.2.5\extensions\proj.win32\Debug.win32\Slot.obj
D:\HostShare\cocos2d-x-2.2.5\extensions\proj.win32\Debug.win32\SlotData.obj
D:\HostShare\cocos2d-x-2.2.5\extensions\proj.win32\Debug.win32\spine-cocos2dx.obj
D:\HostShare\cocos2d-x-2.2.5\extensions\proj.win32\Debug.win32\TextFieldReader.obj
D:\HostShare\cocos2d-x-2.2.5\extensions\proj.win32\Debug.win32\TriggerBase.obj
D:\HostShare\cocos2d-x-2.2.5\extensions\proj.win32\Debug.win32\TriggerMng.obj
D:\HostShare\cocos2d-x-2.2.5\extensions\proj.win32\Debug.win32\TriggerObj.obj
D:\HostShare\cocos2d-x-2.2.5\extensions\proj.win32\Debug.win32\UIButton.obj
D:\HostShare\cocos2d-x-2.2.5\extensions\proj.win32\Debug.win32\UICheckBox.obj
D:\HostShare\cocos2d-x-2.2.5\extensions\proj.win32\Debug.win32\UIHelper.obj
D:\HostShare\cocos2d-x-2.2.5\extensions\proj.win32\Debug.win32\UIImageView.obj
D:\HostShare\cocos2d-x-2.2.5\extensions\proj.win32\Debug.win32\UILabel.obj
D:\HostShare\cocos2d-x-2.2.5\extensions\proj.win32\Debug.win32\UILabelAtlas.obj
D:\HostShare\cocos2d-x-2.2.5\extensions\proj.win32\Debug.win32\UILabelBMFont.obj
D:\HostShare\cocos2d-x-2.2.5\extensions\proj.win32\Debug.win32\UILayout.obj
D:\HostShare\cocos2d-x-2.2.5\extensions\proj.win32\Debug.win32\UILayoutDefine.obj
D:\HostShare\cocos2d-x-2.2.5\extensions\proj.win32\Debug.win32\UILayoutParameter.obj
D:\HostShare\cocos2d-x-2.2.5\extensions\proj.win32\Debug.win32\UIListView.obj
D:\HostShare\cocos2d-x-2.2.5\extensions\proj.win32\Debug.win32\UILoadingBar.obj
D:\HostShare\cocos2d-x-2.2.5\extensions\proj.win32\Debug.win32\UIPageView.obj
D:\HostShare\cocos2d-x-2.2.5\extensions\proj.win32\Debug.win32\UIRichText.obj
D:\HostShare\cocos2d-x-2.2.5\extensions\proj.win32\Debug.win32\UIScrollView.obj
D:\HostShare\cocos2d-x-2.2.5\extensions\proj.win32\Debug.win32\UISlider.obj
D:\HostShare\cocos2d-x-2.2.5\extensions\proj.win32\Debug.win32\UITextField.obj
D:\HostShare\cocos2d-x-2.2.5\extensions\proj.win32\Debug.win32\UITouchGroup.obj
D:\HostShare\cocos2d-x-2.2.5\extensions\proj.win32\Debug.win32\UIWidget.obj
D:\HostShare\cocos2d-x-2.2.5\extensions\proj.win32\Debug.win32\Websocket.obj
D:\HostShare\cocos2d-x-2.2.5\extensions\proj.win32\Debug.win32\WidgetReader.obj
D:\HostShare\cocos2d-x-2.2.5\extensions\proj.win32\Debug.win32\Win32InputBox.obj
D:\HostShare\cocos2d-x-2.2.5\extensions\proj.win32\Debug.win32\cl.command.1.tlog
D:\HostShare\cocos2d-x-2.2.5\extensions\proj.win32\Debug.win32\CL.read.1.tlog
D:\HostShare\cocos2d-x-2.2.5\extensions\proj.win32\Debug.win32\CL.read.2.tlog
D:\HostShare\cocos2d-x-2.2.5\extensions\proj.win32\Debug.win32\CL.read.3.tlog
D:\HostShare\cocos2d-x-2.2.5\extensions\proj.win32\Debug.win32\CL.write.1.tlog
D:\HostShare\cocos2d-x-2.2.5\extensions\proj.win32\Debug.win32\libExtensions.write.1.tlog
D:\HostShare\cocos2d-x-2.2.5\extensions\proj.win32\Debug.win32\link-cvtres.read.1.tlog
D:\HostShare\cocos2d-x-2.2.5\extensions\proj.win32\Debug.win32\link-cvtres.write.1.tlog
D:\HostShare\cocos2d-x-2.2.5\extensions\proj.win32\Debug.win32\link-rc.read.1.tlog
D:\HostShare\cocos2d-x-2.2.5\extensions\proj.win32\Debug.win32\link-rc.write.1.tlog
D:\HostShare\cocos2d-x-2.2.5\extensions\proj.win32\Debug.win32\link.command.1.tlog
D:\HostShare\cocos2d-x-2.2.5\extensions\proj.win32\Debug.win32\link.read.1.tlog
D:\HostShare\cocos2d-x-2.2.5\extensions\proj.win32\Debug.win32\link.read.2.tlog
D:\HostShare\cocos2d-x-2.2.5\extensions\proj.win32\Debug.win32\link.write.1.tlog
D:\HostShare\cocos2d-x-2.2.5\extensions\proj.win32\Debug.win32\libExtensions.pch
D:\HostShare\cocos2d-x-2.2.5\extensions\proj.win32\Debug.win32\vc110.idb
D:\HostShare\cocos2d-x-2.2.5\extensions\proj.win32\Debug.win32\vc110.pdb
D:\HostShare\cocos2d-x-2.2.5\projects\TextPoker\proj.win32\Debug.win32\libExtensions.pdb
D:\HostShare\cocos2d-x-2.2.5\projects\TextPoker\proj.win32\Debug.win32\libExtensions.dll
D:\HostShare\cocos2d-x-2.2.5\projects\TextPoker\proj.win32\Debug.win32\libExtensions.ilk
