D:\HOSTSHARE\COCOS2D-X-2.2.5\COCOS2DX\PROJ.WIN32\DEBUG.WIN32\LIBCOCOS2D.PCH
D:\HOSTSHARE\COCOS2D-X-2.2.5\COCOS2DX\PROJ.WIN32\DEBUG.WIN32\PCH.OBJ
D:\HOSTSHARE\COCOS2D-X-2.2.5\COCOS2DX\PROJ.WIN32\DEBUG.WIN32\VC110.PDB
D:\HOSTSHARE\COCOS2D-X-2.2.5\COCOS2DX\PROJ.WIN32\DEBUG.WIN32\CCTEXTUREPVR.OBJ
D:\HOSTSHARE\COCOS2D-X-2.2.5\COCOS2DX\PROJ.WIN32\DEBUG.WIN32\CCPARALLAXNODE.OBJ
D:\HOSTSHARE\COCOS2D-X-2.2.5\COCOS2DX\PROJ.WIN32\DEBUG.WIN32\CCTILEMAPATLAS.OBJ
D:\HOSTSHARE\COCOS2D-X-2.2.5\COCOS2DX\PROJ.WIN32\DEBUG.WIN32\CCTMXLAYER.OBJ
D:\HOSTSHARE\COCOS2D-X-2.2.5\COCOS2DX\PROJ.WIN32\DEBUG.WIN32\CCTMXOBJECTGROUP.OBJ
D:\HOSTSHARE\COCOS2D-X-2.2.5\COCOS2DX\PROJ.WIN32\DEBUG.WIN32\CCTMXTILEDMAP.OBJ
D:\HOSTSHARE\COCOS2D-X-2.2.5\COCOS2DX\PROJ.WIN32\DEBUG.WIN32\CCTMXXMLPARSER.OBJ
D:\HOSTSHARE\COCOS2D-X-2.2.5\COCOS2DX\PROJ.WIN32\DEBUG.WIN32\CCTOUCH.OBJ
D:\HOSTSHARE\COCOS2D-X-2.2.5\COCOS2DX\PROJ.WIN32\DEBUG.WIN32\CCTOUCHDISPATCHER.OBJ
D:\HOSTSHARE\COCOS2D-X-2.2.5\COCOS2DX\PROJ.WIN32\DEBUG.WIN32\CCTOUCHHANDLER.OBJ
D:\HOSTSHARE\COCOS2D-X-2.2.5\COCOS2DX\PROJ.WIN32\DEBUG.WIN32\CCKEYPADDELEGATE.OBJ
D:\HOSTSHARE\COCOS2D-X-2.2.5\COCOS2DX\PROJ.WIN32\DEBUG.WIN32\CCKEYPADDISPATCHER.OBJ
D:\HOSTSHARE\COCOS2D-X-2.2.5\COCOS2DX\PROJ.WIN32\DEBUG.WIN32\CCIMEDISPATCHER.OBJ
D:\HOSTSHARE\COCOS2D-X-2.2.5\COCOS2DX\PROJ.WIN32\DEBUG.WIN32\CCTEXTFIELDTTF.OBJ
D:\HOSTSHARE\COCOS2D-X-2.2.5\COCOS2DX\PROJ.WIN32\DEBUG.WIN32\CCSCRIPTSUPPORT.OBJ
D:\HOSTSHARE\COCOS2D-X-2.2.5\COCOS2DX\PROJ.WIN32\DEBUG.WIN32\CCCAMERA.OBJ
D:\HOSTSHARE\COCOS2D-X-2.2.5\COCOS2DX\PROJ.WIN32\DEBUG.WIN32\CCCONFIGURATION.OBJ
D:\HOSTSHARE\COCOS2D-X-2.2.5\COCOS2DX\PROJ.WIN32\DEBUG.WIN32\CCDIRECTOR.OBJ
D:\HOSTSHARE\COCOS2D-X-2.2.5\COCOS2DX\PROJ.WIN32\DEBUG.WIN32\CCSCHEDULER.OBJ
D:\HOSTSHARE\COCOS2D-X-2.2.5\COCOS2DX\PROJ.WIN32\DEBUG.WIN32\COCOS2D.OBJ
D:\HOSTSHARE\COCOS2D-X-2.2.5\COCOS2DX\PROJ.WIN32\DEBUG.WIN32\CCNOTIFICATIONCENTER.OBJ
D:\HOSTSHARE\COCOS2D-X-2.2.5\COCOS2DX\PROJ.WIN32\DEBUG.WIN32\CCPOINTEXTENSION.OBJ
D:\HOSTSHARE\COCOS2D-X-2.2.5\COCOS2DX\PROJ.WIN32\DEBUG.WIN32\CCPROFILING.OBJ
D:\HOSTSHARE\COCOS2D-X-2.2.5\COCOS2DX\PROJ.WIN32\DEBUG.WIN32\CCUTF8.OBJ
D:\HOSTSHARE\COCOS2D-X-2.2.5\COCOS2DX\PROJ.WIN32\DEBUG.WIN32\CCUTILS.OBJ
D:\HOSTSHARE\COCOS2D-X-2.2.5\COCOS2DX\PROJ.WIN32\DEBUG.WIN32\CCVERTEX.OBJ
D:\HOSTSHARE\COCOS2D-X-2.2.5\COCOS2DX\PROJ.WIN32\DEBUG.WIN32\CCCOMPONENT.OBJ
D:\HOSTSHARE\COCOS2D-X-2.2.5\COCOS2DX\PROJ.WIN32\DEBUG.WIN32\CCCOMPONENTCONTAINER.OBJ
D:\HOSTSHARE\COCOS2D-X-2.2.5\COCOS2DX\PROJ.WIN32\DEBUG.WIN32\TINYXML2.OBJ
D:\HOSTSHARE\COCOS2D-X-2.2.5\COCOS2DX\PROJ.WIN32\DEBUG.WIN32\TRANSFORMUTILS.OBJ
D:\HOSTSHARE\COCOS2D-X-2.2.5\COCOS2DX\PROJ.WIN32\DEBUG.WIN32\CCCARRAY.OBJ
D:\HOSTSHARE\COCOS2D-X-2.2.5\COCOS2DX\PROJ.WIN32\DEBUG.WIN32\TGALIB.OBJ
D:\HOSTSHARE\COCOS2D-X-2.2.5\COCOS2DX\PROJ.WIN32\DEBUG.WIN32\CCUSERDEFAULT.OBJ
D:\HOSTSHARE\COCOS2D-X-2.2.5\COCOS2DX\PROJ.WIN32\DEBUG.WIN32\IOAPI.OBJ
D:\HOSTSHARE\COCOS2D-X-2.2.5\COCOS2DX\PROJ.WIN32\DEBUG.WIN32\UNZIP.OBJ
D:\HOSTSHARE\COCOS2D-X-2.2.5\COCOS2DX\PROJ.WIN32\DEBUG.WIN32\ZIPUTILS.OBJ
D:\HOSTSHARE\COCOS2D-X-2.2.5\COCOS2DX\PROJ.WIN32\DEBUG.WIN32\CCTEXTURE2D.OBJ
D:\HOSTSHARE\COCOS2D-X-2.2.5\COCOS2DX\PROJ.WIN32\DEBUG.WIN32\CCTEXTUREATLAS.OBJ
D:\HOSTSHARE\COCOS2D-X-2.2.5\COCOS2DX\PROJ.WIN32\DEBUG.WIN32\CCTEXTURECACHE.OBJ
D:\HOSTSHARE\COCOS2D-X-2.2.5\COCOS2DX\PROJ.WIN32\DEBUG.WIN32\CCTEXTUREETC.OBJ
D:\HOSTSHARE\COCOS2D-X-2.2.5\COCOS2DX\PROJ.WIN32\DEBUG.WIN32\PLATFORM.OBJ
D:\HOSTSHARE\COCOS2D-X-2.2.5\COCOS2DX\PROJ.WIN32\DEBUG.WIN32\CCACCELEROMETER.OBJ
D:\HOSTSHARE\COCOS2D-X-2.2.5\COCOS2DX\PROJ.WIN32\DEBUG.WIN32\CCAPPLICATION.OBJ
D:\HOSTSHARE\COCOS2D-X-2.2.5\COCOS2DX\PROJ.WIN32\DEBUG.WIN32\CCCOMMON.OBJ
D:\HOSTSHARE\COCOS2D-X-2.2.5\COCOS2DX\PROJ.WIN32\DEBUG.WIN32\CCDEVICE.OBJ
D:\HOSTSHARE\COCOS2D-X-2.2.5\COCOS2DX\PROJ.WIN32\DEBUG.WIN32\CCEGLVIEW.OBJ
D:\HOSTSHARE\COCOS2D-X-2.2.5\COCOS2DX\PROJ.WIN32\DEBUG.WIN32\CCFILEUTILSWIN32.OBJ
D:\HOSTSHARE\COCOS2D-X-2.2.5\COCOS2DX\PROJ.WIN32\DEBUG.WIN32\CCIMAGE.OBJ
D:\HOSTSHARE\COCOS2D-X-2.2.5\COCOS2DX\PROJ.WIN32\DEBUG.WIN32\CCSTDC.OBJ
D:\HOSTSHARE\COCOS2D-X-2.2.5\COCOS2DX\PROJ.WIN32\DEBUG.WIN32\CCGLPROGRAM.OBJ
D:\HOSTSHARE\COCOS2D-X-2.2.5\COCOS2DX\PROJ.WIN32\DEBUG.WIN32\CCGLSTATECACHE.OBJ
D:\HOSTSHARE\COCOS2D-X-2.2.5\COCOS2DX\PROJ.WIN32\DEBUG.WIN32\CCSHADERCACHE.OBJ
D:\HOSTSHARE\COCOS2D-X-2.2.5\COCOS2DX\PROJ.WIN32\DEBUG.WIN32\CCSHADERS.OBJ
D:\HOSTSHARE\COCOS2D-X-2.2.5\COCOS2DX\PROJ.WIN32\DEBUG.WIN32\CCANIMATION.OBJ
D:\HOSTSHARE\COCOS2D-X-2.2.5\COCOS2DX\PROJ.WIN32\DEBUG.WIN32\CCANIMATIONCACHE.OBJ
D:\HOSTSHARE\COCOS2D-X-2.2.5\COCOS2DX\PROJ.WIN32\DEBUG.WIN32\CCSPRITE.OBJ
D:\HOSTSHARE\COCOS2D-X-2.2.5\COCOS2DX\PROJ.WIN32\DEBUG.WIN32\CCSPRITEBATCHNODE.OBJ
D:\HOSTSHARE\COCOS2D-X-2.2.5\COCOS2DX\PROJ.WIN32\DEBUG.WIN32\CCSPRITEFRAME.OBJ
D:\HOSTSHARE\COCOS2D-X-2.2.5\COCOS2DX\PROJ.WIN32\DEBUG.WIN32\CCSPRITEFRAMECACHE.OBJ
D:\HOSTSHARE\COCOS2D-X-2.2.5\COCOS2DX\PROJ.WIN32\DEBUG.WIN32\BASE64.OBJ
D:\HOSTSHARE\COCOS2D-X-2.2.5\COCOS2DX\PROJ.WIN32\DEBUG.WIN32\CCLAYER.OBJ
D:\HOSTSHARE\COCOS2D-X-2.2.5\COCOS2DX\PROJ.WIN32\DEBUG.WIN32\CCSCENE.OBJ
D:\HOSTSHARE\COCOS2D-X-2.2.5\COCOS2DX\PROJ.WIN32\DEBUG.WIN32\CCTRANSITION.OBJ
D:\HOSTSHARE\COCOS2D-X-2.2.5\COCOS2DX\PROJ.WIN32\DEBUG.WIN32\CCTRANSITIONPAGETURN.OBJ
D:\HOSTSHARE\COCOS2D-X-2.2.5\COCOS2DX\PROJ.WIN32\DEBUG.WIN32\CCTRANSITIONPROGRESS.OBJ
D:\HOSTSHARE\COCOS2D-X-2.2.5\COCOS2DX\PROJ.WIN32\DEBUG.WIN32\CCMENU.OBJ
D:\HOSTSHARE\COCOS2D-X-2.2.5\COCOS2DX\PROJ.WIN32\DEBUG.WIN32\CCMENUITEM.OBJ
D:\HOSTSHARE\COCOS2D-X-2.2.5\COCOS2DX\PROJ.WIN32\DEBUG.WIN32\CCCLIPPINGNODE.OBJ
D:\HOSTSHARE\COCOS2D-X-2.2.5\COCOS2DX\PROJ.WIN32\DEBUG.WIN32\CCMOTIONSTREAK.OBJ
D:\HOSTSHARE\COCOS2D-X-2.2.5\COCOS2DX\PROJ.WIN32\DEBUG.WIN32\CCPROGRESSTIMER.OBJ
D:\HOSTSHARE\COCOS2D-X-2.2.5\COCOS2DX\PROJ.WIN32\DEBUG.WIN32\CCRENDERTEXTURE.OBJ
D:\HOSTSHARE\COCOS2D-X-2.2.5\COCOS2DX\PROJ.WIN32\DEBUG.WIN32\CCPARTICLEBATCHNODE.OBJ
D:\HOSTSHARE\COCOS2D-X-2.2.5\COCOS2DX\PROJ.WIN32\DEBUG.WIN32\CCPARTICLEEXAMPLES.OBJ
D:\HOSTSHARE\COCOS2D-X-2.2.5\COCOS2DX\PROJ.WIN32\DEBUG.WIN32\CCPARTICLESYSTEM.OBJ
D:\HOSTSHARE\COCOS2D-X-2.2.5\COCOS2DX\PROJ.WIN32\DEBUG.WIN32\CCPARTICLESYSTEMQUAD.OBJ
D:\HOSTSHARE\COCOS2D-X-2.2.5\COCOS2DX\PROJ.WIN32\DEBUG.WIN32\CCEGLVIEWPROTOCOL.OBJ
D:\HOSTSHARE\COCOS2D-X-2.2.5\COCOS2DX\PROJ.WIN32\DEBUG.WIN32\CCFILEUTILS.OBJ
D:\HOSTSHARE\COCOS2D-X-2.2.5\COCOS2DX\PROJ.WIN32\DEBUG.WIN32\CCIMAGECOMMONWEBP.OBJ
D:\HOSTSHARE\COCOS2D-X-2.2.5\COCOS2DX\PROJ.WIN32\DEBUG.WIN32\CCSAXPARSER.OBJ
D:\HOSTSHARE\COCOS2D-X-2.2.5\COCOS2DX\PROJ.WIN32\DEBUG.WIN32\CCTHREAD.OBJ
D:\HOSTSHARE\COCOS2D-X-2.2.5\COCOS2DX\PROJ.WIN32\DEBUG.WIN32\CCDRAWINGPRIMITIVES.OBJ
D:\HOSTSHARE\COCOS2D-X-2.2.5\COCOS2DX\PROJ.WIN32\DEBUG.WIN32\CCDRAWNODE.OBJ
D:\HOSTSHARE\COCOS2D-X-2.2.5\COCOS2DX\PROJ.WIN32\DEBUG.WIN32\CCGRABBER.OBJ
D:\HOSTSHARE\COCOS2D-X-2.2.5\COCOS2DX\PROJ.WIN32\DEBUG.WIN32\CCGRID.OBJ
D:\HOSTSHARE\COCOS2D-X-2.2.5\COCOS2DX\PROJ.WIN32\DEBUG.WIN32\CCACTION.OBJ
D:\HOSTSHARE\COCOS2D-X-2.2.5\COCOS2DX\PROJ.WIN32\DEBUG.WIN32\CCACTIONCAMERA.OBJ
D:\HOSTSHARE\COCOS2D-X-2.2.5\COCOS2DX\PROJ.WIN32\DEBUG.WIN32\CCACTIONCATMULLROM.OBJ
D:\HOSTSHARE\COCOS2D-X-2.2.5\COCOS2DX\PROJ.WIN32\DEBUG.WIN32\CCACTIONEASE.OBJ
D:\HOSTSHARE\COCOS2D-X-2.2.5\COCOS2DX\PROJ.WIN32\DEBUG.WIN32\CCACTIONGRID.OBJ
D:\HOSTSHARE\COCOS2D-X-2.2.5\COCOS2DX\PROJ.WIN32\DEBUG.WIN32\CCACTIONGRID3D.OBJ
D:\HOSTSHARE\COCOS2D-X-2.2.5\COCOS2DX\PROJ.WIN32\DEBUG.WIN32\CCACTIONINSTANT.OBJ
D:\HOSTSHARE\COCOS2D-X-2.2.5\COCOS2DX\PROJ.WIN32\DEBUG.WIN32\CCACTIONINTERVAL.OBJ
D:\HOSTSHARE\COCOS2D-X-2.2.5\COCOS2DX\PROJ.WIN32\DEBUG.WIN32\CCACTIONMANAGER.OBJ
D:\HOSTSHARE\COCOS2D-X-2.2.5\COCOS2DX\PROJ.WIN32\DEBUG.WIN32\CCACTIONPAGETURN3D.OBJ
D:\HOSTSHARE\COCOS2D-X-2.2.5\COCOS2DX\PROJ.WIN32\DEBUG.WIN32\CCACTIONPROGRESSTIMER.OBJ
D:\HOSTSHARE\COCOS2D-X-2.2.5\COCOS2DX\PROJ.WIN32\DEBUG.WIN32\CCACTIONTILEDGRID.OBJ
D:\HOSTSHARE\COCOS2D-X-2.2.5\COCOS2DX\PROJ.WIN32\DEBUG.WIN32\CCACTIONTWEEN.OBJ
D:\HOSTSHARE\COCOS2D-X-2.2.5\COCOS2DX\PROJ.WIN32\DEBUG.WIN32\CCLABELATLAS.OBJ
D:\HOSTSHARE\COCOS2D-X-2.2.5\COCOS2DX\PROJ.WIN32\DEBUG.WIN32\CCLABELBMFONT.OBJ
D:\HOSTSHARE\COCOS2D-X-2.2.5\COCOS2DX\PROJ.WIN32\DEBUG.WIN32\CCLABELTTF.OBJ
D:\HOSTSHARE\COCOS2D-X-2.2.5\COCOS2DX\PROJ.WIN32\DEBUG.WIN32\CCATLASNODE.OBJ
D:\HOSTSHARE\COCOS2D-X-2.2.5\COCOS2DX\PROJ.WIN32\DEBUG.WIN32\CCNODE.OBJ
D:\HOSTSHARE\COCOS2D-X-2.2.5\COCOS2DX\PROJ.WIN32\DEBUG.WIN32\CCAFFINETRANSFORM.OBJ
D:\HOSTSHARE\COCOS2D-X-2.2.5\COCOS2DX\PROJ.WIN32\DEBUG.WIN32\CCARRAY.OBJ
D:\HOSTSHARE\COCOS2D-X-2.2.5\COCOS2DX\PROJ.WIN32\DEBUG.WIN32\CCAUTORELEASEPOOL.OBJ
D:\HOSTSHARE\COCOS2D-X-2.2.5\COCOS2DX\PROJ.WIN32\DEBUG.WIN32\CCDATAVISITOR.OBJ
D:\HOSTSHARE\COCOS2D-X-2.2.5\COCOS2DX\PROJ.WIN32\DEBUG.WIN32\CCDICTIONARY.OBJ
D:\HOSTSHARE\COCOS2D-X-2.2.5\COCOS2DX\PROJ.WIN32\DEBUG.WIN32\CCGEOMETRY.OBJ
D:\HOSTSHARE\COCOS2D-X-2.2.5\COCOS2DX\PROJ.WIN32\DEBUG.WIN32\CCNS.OBJ
D:\HOSTSHARE\COCOS2D-X-2.2.5\COCOS2DX\PROJ.WIN32\DEBUG.WIN32\CCOBJECT.OBJ
D:\HOSTSHARE\COCOS2D-X-2.2.5\COCOS2DX\PROJ.WIN32\DEBUG.WIN32\CCSET.OBJ
D:\HOSTSHARE\COCOS2D-X-2.2.5\COCOS2DX\PROJ.WIN32\DEBUG.WIN32\CCSTRING.OBJ
D:\HOSTSHARE\COCOS2D-X-2.2.5\COCOS2DX\PROJ.WIN32\DEBUG.WIN32\CCZONE.OBJ
D:\HOSTSHARE\COCOS2D-X-2.2.5\COCOS2DX\PROJ.WIN32\DEBUG.WIN32\CCFPSIMAGES.OBJ
D:\HOSTSHARE\COCOS2D-X-2.2.5\COCOS2DX\PROJ.WIN32\DEBUG.WIN32\AABB.OBJ
D:\HOSTSHARE\COCOS2D-X-2.2.5\COCOS2DX\PROJ.WIN32\DEBUG.WIN32\MAT3.OBJ
D:\HOSTSHARE\COCOS2D-X-2.2.5\COCOS2DX\PROJ.WIN32\DEBUG.WIN32\MAT4.OBJ
D:\HOSTSHARE\COCOS2D-X-2.2.5\COCOS2DX\PROJ.WIN32\DEBUG.WIN32\NEON_MATRIX_IMPL.OBJ
D:\HOSTSHARE\COCOS2D-X-2.2.5\COCOS2DX\PROJ.WIN32\DEBUG.WIN32\PLANE.OBJ
D:\HOSTSHARE\COCOS2D-X-2.2.5\COCOS2DX\PROJ.WIN32\DEBUG.WIN32\QUATERNION.OBJ
D:\HOSTSHARE\COCOS2D-X-2.2.5\COCOS2DX\PROJ.WIN32\DEBUG.WIN32\RAY2.OBJ
D:\HOSTSHARE\COCOS2D-X-2.2.5\COCOS2DX\PROJ.WIN32\DEBUG.WIN32\UTILITY.OBJ
D:\HOSTSHARE\COCOS2D-X-2.2.5\COCOS2DX\PROJ.WIN32\DEBUG.WIN32\VEC2.OBJ
D:\HOSTSHARE\COCOS2D-X-2.2.5\COCOS2DX\PROJ.WIN32\DEBUG.WIN32\VEC3.OBJ
D:\HOSTSHARE\COCOS2D-X-2.2.5\COCOS2DX\PROJ.WIN32\DEBUG.WIN32\VEC4.OBJ
D:\HOSTSHARE\COCOS2D-X-2.2.5\COCOS2DX\PROJ.WIN32\DEBUG.WIN32\MAT4STACK.OBJ
D:\HOSTSHARE\COCOS2D-X-2.2.5\COCOS2DX\PROJ.WIN32\DEBUG.WIN32\MATRIX.OBJ
D:\HostShare\cocos2d-x-2.2.5\projects\TextPoker\proj.win32\Debug.win32\libcocos2d.lib
D:\HostShare\cocos2d-x-2.2.5\projects\TextPoker\proj.win32\Debug.win32\libcocos2d.exp
D:\HOSTSHARE\COCOS2D-X-2.2.5\PROJECTS\TEXTPOKER\PROJ.WIN32\DEBUG.WIN32\LIBCOCOS2D.DLL
D:\HOSTSHARE\COCOS2D-X-2.2.5\PROJECTS\TEXTPOKER\PROJ.WIN32\DEBUG.WIN32\LIBCOCOS2D.PDB
D:\HostShare\cocos2d-x-2.2.5\cocos2dx\proj.win32\Debug.win32\aabb.obj
D:\HostShare\cocos2d-x-2.2.5\cocos2dx\proj.win32\Debug.win32\base64.obj
D:\HostShare\cocos2d-x-2.2.5\cocos2dx\proj.win32\Debug.win32\CCAccelerometer.obj
D:\HostShare\cocos2d-x-2.2.5\cocos2dx\proj.win32\Debug.win32\CCAction.obj
D:\HostShare\cocos2d-x-2.2.5\cocos2dx\proj.win32\Debug.win32\CCActionCamera.obj
D:\HostShare\cocos2d-x-2.2.5\cocos2dx\proj.win32\Debug.win32\CCActionCatmullRom.obj
D:\HostShare\cocos2d-x-2.2.5\cocos2dx\proj.win32\Debug.win32\CCActionEase.obj
D:\HostShare\cocos2d-x-2.2.5\cocos2dx\proj.win32\Debug.win32\CCActionGrid.obj
D:\HostShare\cocos2d-x-2.2.5\cocos2dx\proj.win32\Debug.win32\CCActionGrid3D.obj
D:\HostShare\cocos2d-x-2.2.5\cocos2dx\proj.win32\Debug.win32\CCActionInstant.obj
D:\HostShare\cocos2d-x-2.2.5\cocos2dx\proj.win32\Debug.win32\CCActionInterval.obj
D:\HostShare\cocos2d-x-2.2.5\cocos2dx\proj.win32\Debug.win32\CCActionManager.obj
D:\HostShare\cocos2d-x-2.2.5\cocos2dx\proj.win32\Debug.win32\CCActionPageTurn3D.obj
D:\HostShare\cocos2d-x-2.2.5\cocos2dx\proj.win32\Debug.win32\CCActionProgressTimer.obj
D:\HostShare\cocos2d-x-2.2.5\cocos2dx\proj.win32\Debug.win32\CCActionTiledGrid.obj
D:\HostShare\cocos2d-x-2.2.5\cocos2dx\proj.win32\Debug.win32\CCActionTween.obj
D:\HostShare\cocos2d-x-2.2.5\cocos2dx\proj.win32\Debug.win32\CCAffineTransform.obj
D:\HostShare\cocos2d-x-2.2.5\cocos2dx\proj.win32\Debug.win32\CCAnimation.obj
D:\HostShare\cocos2d-x-2.2.5\cocos2dx\proj.win32\Debug.win32\CCAnimationCache.obj
D:\HostShare\cocos2d-x-2.2.5\cocos2dx\proj.win32\Debug.win32\CCApplication.obj
D:\HostShare\cocos2d-x-2.2.5\cocos2dx\proj.win32\Debug.win32\CCArray.obj
D:\HostShare\cocos2d-x-2.2.5\cocos2dx\proj.win32\Debug.win32\CCAtlasNode.obj
D:\HostShare\cocos2d-x-2.2.5\cocos2dx\proj.win32\Debug.win32\CCAutoreleasePool.obj
D:\HostShare\cocos2d-x-2.2.5\cocos2dx\proj.win32\Debug.win32\CCCamera.obj
D:\HostShare\cocos2d-x-2.2.5\cocos2dx\proj.win32\Debug.win32\ccCArray.obj
D:\HostShare\cocos2d-x-2.2.5\cocos2dx\proj.win32\Debug.win32\CCClippingNode.obj
D:\HostShare\cocos2d-x-2.2.5\cocos2dx\proj.win32\Debug.win32\CCCommon.obj
D:\HostShare\cocos2d-x-2.2.5\cocos2dx\proj.win32\Debug.win32\CCComponent.obj
D:\HostShare\cocos2d-x-2.2.5\cocos2dx\proj.win32\Debug.win32\CCComponentContainer.obj
D:\HostShare\cocos2d-x-2.2.5\cocos2dx\proj.win32\Debug.win32\CCConfiguration.obj
D:\HostShare\cocos2d-x-2.2.5\cocos2dx\proj.win32\Debug.win32\CCDataVisitor.obj
D:\HostShare\cocos2d-x-2.2.5\cocos2dx\proj.win32\Debug.win32\CCDevice.obj
D:\HostShare\cocos2d-x-2.2.5\cocos2dx\proj.win32\Debug.win32\CCDictionary.obj
D:\HostShare\cocos2d-x-2.2.5\cocos2dx\proj.win32\Debug.win32\CCDirector.obj
D:\HostShare\cocos2d-x-2.2.5\cocos2dx\proj.win32\Debug.win32\CCDrawingPrimitives.obj
D:\HostShare\cocos2d-x-2.2.5\cocos2dx\proj.win32\Debug.win32\CCDrawNode.obj
D:\HostShare\cocos2d-x-2.2.5\cocos2dx\proj.win32\Debug.win32\CCEGLView.obj
D:\HostShare\cocos2d-x-2.2.5\cocos2dx\proj.win32\Debug.win32\CCEGLViewProtocol.obj
D:\HostShare\cocos2d-x-2.2.5\cocos2dx\proj.win32\Debug.win32\CCFileUtils.obj
D:\HostShare\cocos2d-x-2.2.5\cocos2dx\proj.win32\Debug.win32\CCFileUtilsWin32.obj
D:\HostShare\cocos2d-x-2.2.5\cocos2dx\proj.win32\Debug.win32\ccFPSImages.obj
D:\HostShare\cocos2d-x-2.2.5\cocos2dx\proj.win32\Debug.win32\CCGeometry.obj
D:\HostShare\cocos2d-x-2.2.5\cocos2dx\proj.win32\Debug.win32\CCGLProgram.obj
D:\HostShare\cocos2d-x-2.2.5\cocos2dx\proj.win32\Debug.win32\ccGLStateCache.obj
D:\HostShare\cocos2d-x-2.2.5\cocos2dx\proj.win32\Debug.win32\CCGrabber.obj
D:\HostShare\cocos2d-x-2.2.5\cocos2dx\proj.win32\Debug.win32\CCGrid.obj
D:\HostShare\cocos2d-x-2.2.5\cocos2dx\proj.win32\Debug.win32\CCImage.obj
D:\HostShare\cocos2d-x-2.2.5\cocos2dx\proj.win32\Debug.win32\CCImageCommonWebp.obj
D:\HostShare\cocos2d-x-2.2.5\cocos2dx\proj.win32\Debug.win32\CCIMEDispatcher.obj
D:\HostShare\cocos2d-x-2.2.5\cocos2dx\proj.win32\Debug.win32\CCKeypadDelegate.obj
D:\HostShare\cocos2d-x-2.2.5\cocos2dx\proj.win32\Debug.win32\CCKeypadDispatcher.obj
D:\HostShare\cocos2d-x-2.2.5\cocos2dx\proj.win32\Debug.win32\CCLabelAtlas.obj
D:\HostShare\cocos2d-x-2.2.5\cocos2dx\proj.win32\Debug.win32\CCLabelBMFont.obj
D:\HostShare\cocos2d-x-2.2.5\cocos2dx\proj.win32\Debug.win32\CCLabelTTF.obj
D:\HostShare\cocos2d-x-2.2.5\cocos2dx\proj.win32\Debug.win32\CCLayer.obj
D:\HostShare\cocos2d-x-2.2.5\cocos2dx\proj.win32\Debug.win32\CCMenu.obj
D:\HostShare\cocos2d-x-2.2.5\cocos2dx\proj.win32\Debug.win32\CCMenuItem.obj
D:\HostShare\cocos2d-x-2.2.5\cocos2dx\proj.win32\Debug.win32\CCMotionStreak.obj
D:\HostShare\cocos2d-x-2.2.5\cocos2dx\proj.win32\Debug.win32\CCNode.obj
D:\HostShare\cocos2d-x-2.2.5\cocos2dx\proj.win32\Debug.win32\CCNotificationCenter.obj
D:\HostShare\cocos2d-x-2.2.5\cocos2dx\proj.win32\Debug.win32\CCNS.obj
D:\HostShare\cocos2d-x-2.2.5\cocos2dx\proj.win32\Debug.win32\CCObject.obj
D:\HostShare\cocos2d-x-2.2.5\cocos2dx\proj.win32\Debug.win32\CCParallaxNode.obj
D:\HostShare\cocos2d-x-2.2.5\cocos2dx\proj.win32\Debug.win32\CCParticleBatchNode.obj
D:\HostShare\cocos2d-x-2.2.5\cocos2dx\proj.win32\Debug.win32\CCParticleExamples.obj
D:\HostShare\cocos2d-x-2.2.5\cocos2dx\proj.win32\Debug.win32\CCParticleSystem.obj
D:\HostShare\cocos2d-x-2.2.5\cocos2dx\proj.win32\Debug.win32\CCParticleSystemQuad.obj
D:\HostShare\cocos2d-x-2.2.5\cocos2dx\proj.win32\Debug.win32\CCPointExtension.obj
D:\HostShare\cocos2d-x-2.2.5\cocos2dx\proj.win32\Debug.win32\CCProfiling.obj
D:\HostShare\cocos2d-x-2.2.5\cocos2dx\proj.win32\Debug.win32\CCProgressTimer.obj
D:\HostShare\cocos2d-x-2.2.5\cocos2dx\proj.win32\Debug.win32\CCRenderTexture.obj
D:\HostShare\cocos2d-x-2.2.5\cocos2dx\proj.win32\Debug.win32\CCSAXParser.obj
D:\HostShare\cocos2d-x-2.2.5\cocos2dx\proj.win32\Debug.win32\CCScene.obj
D:\HostShare\cocos2d-x-2.2.5\cocos2dx\proj.win32\Debug.win32\CCScheduler.obj
D:\HostShare\cocos2d-x-2.2.5\cocos2dx\proj.win32\Debug.win32\CCScriptSupport.obj
D:\HostShare\cocos2d-x-2.2.5\cocos2dx\proj.win32\Debug.win32\CCSet.obj
D:\HostShare\cocos2d-x-2.2.5\cocos2dx\proj.win32\Debug.win32\CCShaderCache.obj
D:\HostShare\cocos2d-x-2.2.5\cocos2dx\proj.win32\Debug.win32\ccShaders.obj
D:\HostShare\cocos2d-x-2.2.5\cocos2dx\proj.win32\Debug.win32\CCSprite.obj
D:\HostShare\cocos2d-x-2.2.5\cocos2dx\proj.win32\Debug.win32\CCSpriteBatchNode.obj
D:\HostShare\cocos2d-x-2.2.5\cocos2dx\proj.win32\Debug.win32\CCSpriteFrame.obj
D:\HostShare\cocos2d-x-2.2.5\cocos2dx\proj.win32\Debug.win32\CCSpriteFrameCache.obj
D:\HostShare\cocos2d-x-2.2.5\cocos2dx\proj.win32\Debug.win32\CCStdC.obj
D:\HostShare\cocos2d-x-2.2.5\cocos2dx\proj.win32\Debug.win32\CCString.obj
D:\HostShare\cocos2d-x-2.2.5\cocos2dx\proj.win32\Debug.win32\CCTextFieldTTF.obj
D:\HostShare\cocos2d-x-2.2.5\cocos2dx\proj.win32\Debug.win32\CCTexture2D.obj
D:\HostShare\cocos2d-x-2.2.5\cocos2dx\proj.win32\Debug.win32\CCTextureAtlas.obj
D:\HostShare\cocos2d-x-2.2.5\cocos2dx\proj.win32\Debug.win32\CCTextureCache.obj
D:\HostShare\cocos2d-x-2.2.5\cocos2dx\proj.win32\Debug.win32\CCTextureETC.obj
D:\HostShare\cocos2d-x-2.2.5\cocos2dx\proj.win32\Debug.win32\CCTexturePVR.obj
D:\HostShare\cocos2d-x-2.2.5\cocos2dx\proj.win32\Debug.win32\CCThread.obj
D:\HostShare\cocos2d-x-2.2.5\cocos2dx\proj.win32\Debug.win32\CCTileMapAtlas.obj
D:\HostShare\cocos2d-x-2.2.5\cocos2dx\proj.win32\Debug.win32\CCTMXLayer.obj
D:\HostShare\cocos2d-x-2.2.5\cocos2dx\proj.win32\Debug.win32\CCTMXObjectGroup.obj
D:\HostShare\cocos2d-x-2.2.5\cocos2dx\proj.win32\Debug.win32\CCTMXTiledMap.obj
D:\HostShare\cocos2d-x-2.2.5\cocos2dx\proj.win32\Debug.win32\CCTMXXMLParser.obj
D:\HostShare\cocos2d-x-2.2.5\cocos2dx\proj.win32\Debug.win32\CCTouch.obj
D:\HostShare\cocos2d-x-2.2.5\cocos2dx\proj.win32\Debug.win32\CCTouchDispatcher.obj
D:\HostShare\cocos2d-x-2.2.5\cocos2dx\proj.win32\Debug.win32\CCTouchHandler.obj
D:\HostShare\cocos2d-x-2.2.5\cocos2dx\proj.win32\Debug.win32\CCTransition.obj
D:\HostShare\cocos2d-x-2.2.5\cocos2dx\proj.win32\Debug.win32\CCTransitionPageTurn.obj
D:\HostShare\cocos2d-x-2.2.5\cocos2dx\proj.win32\Debug.win32\CCTransitionProgress.obj
D:\HostShare\cocos2d-x-2.2.5\cocos2dx\proj.win32\Debug.win32\CCUserDefault.obj
D:\HostShare\cocos2d-x-2.2.5\cocos2dx\proj.win32\Debug.win32\ccUTF8.obj
D:\HostShare\cocos2d-x-2.2.5\cocos2dx\proj.win32\Debug.win32\ccUtils.obj
D:\HostShare\cocos2d-x-2.2.5\cocos2dx\proj.win32\Debug.win32\CCVertex.obj
D:\HostShare\cocos2d-x-2.2.5\cocos2dx\proj.win32\Debug.win32\CCZone.obj
D:\HostShare\cocos2d-x-2.2.5\cocos2dx\proj.win32\Debug.win32\cocos2d.obj
D:\HostShare\cocos2d-x-2.2.5\cocos2dx\proj.win32\Debug.win32\ioapi.obj
D:\HostShare\cocos2d-x-2.2.5\cocos2dx\proj.win32\Debug.win32\mat3.obj
D:\HostShare\cocos2d-x-2.2.5\cocos2dx\proj.win32\Debug.win32\mat4.obj
D:\HostShare\cocos2d-x-2.2.5\cocos2dx\proj.win32\Debug.win32\mat4stack.obj
D:\HostShare\cocos2d-x-2.2.5\cocos2dx\proj.win32\Debug.win32\matrix.obj
D:\HostShare\cocos2d-x-2.2.5\cocos2dx\proj.win32\Debug.win32\neon_matrix_impl.obj
D:\HostShare\cocos2d-x-2.2.5\cocos2dx\proj.win32\Debug.win32\pch.obj
D:\HostShare\cocos2d-x-2.2.5\cocos2dx\proj.win32\Debug.win32\plane.obj
D:\HostShare\cocos2d-x-2.2.5\cocos2dx\proj.win32\Debug.win32\platform.obj
D:\HostShare\cocos2d-x-2.2.5\cocos2dx\proj.win32\Debug.win32\quaternion.obj
D:\HostShare\cocos2d-x-2.2.5\cocos2dx\proj.win32\Debug.win32\ray2.obj
D:\HostShare\cocos2d-x-2.2.5\cocos2dx\proj.win32\Debug.win32\TGAlib.obj
D:\HostShare\cocos2d-x-2.2.5\cocos2dx\proj.win32\Debug.win32\tinyxml2.obj
D:\HostShare\cocos2d-x-2.2.5\cocos2dx\proj.win32\Debug.win32\TransformUtils.obj
D:\HostShare\cocos2d-x-2.2.5\cocos2dx\proj.win32\Debug.win32\unzip.obj
D:\HostShare\cocos2d-x-2.2.5\cocos2dx\proj.win32\Debug.win32\utility.obj
D:\HostShare\cocos2d-x-2.2.5\cocos2dx\proj.win32\Debug.win32\vec2.obj
D:\HostShare\cocos2d-x-2.2.5\cocos2dx\proj.win32\Debug.win32\vec3.obj
D:\HostShare\cocos2d-x-2.2.5\cocos2dx\proj.win32\Debug.win32\vec4.obj
D:\HostShare\cocos2d-x-2.2.5\cocos2dx\proj.win32\Debug.win32\ZipUtils.obj
D:\HostShare\cocos2d-x-2.2.5\cocos2dx\proj.win32\Debug.win32\cl.command.1.tlog
D:\HostShare\cocos2d-x-2.2.5\cocos2dx\proj.win32\Debug.win32\CL.read.1.tlog
D:\HostShare\cocos2d-x-2.2.5\cocos2dx\proj.win32\Debug.win32\CL.read.2.tlog
D:\HostShare\cocos2d-x-2.2.5\cocos2dx\proj.win32\Debug.win32\CL.read.3.tlog
D:\HostShare\cocos2d-x-2.2.5\cocos2dx\proj.win32\Debug.win32\CL.write.1.tlog
D:\HostShare\cocos2d-x-2.2.5\cocos2dx\proj.win32\Debug.win32\libcocos2d.write.1.tlog
D:\HostShare\cocos2d-x-2.2.5\cocos2dx\proj.win32\Debug.win32\link-cvtres.read.1.tlog
D:\HostShare\cocos2d-x-2.2.5\cocos2dx\proj.win32\Debug.win32\link-cvtres.write.1.tlog
D:\HostShare\cocos2d-x-2.2.5\cocos2dx\proj.win32\Debug.win32\link-rc.read.1.tlog
D:\HostShare\cocos2d-x-2.2.5\cocos2dx\proj.win32\Debug.win32\link-rc.write.1.tlog
D:\HostShare\cocos2d-x-2.2.5\cocos2dx\proj.win32\Debug.win32\link.command.1.tlog
D:\HostShare\cocos2d-x-2.2.5\cocos2dx\proj.win32\Debug.win32\link.read.1.tlog
D:\HostShare\cocos2d-x-2.2.5\cocos2dx\proj.win32\Debug.win32\link.read.2.tlog
D:\HostShare\cocos2d-x-2.2.5\cocos2dx\proj.win32\Debug.win32\link.write.1.tlog
D:\HostShare\cocos2d-x-2.2.5\cocos2dx\proj.win32\Debug.win32\libcocos2d.pch
D:\HostShare\cocos2d-x-2.2.5\cocos2dx\proj.win32\Debug.win32\vc110.idb
D:\HostShare\cocos2d-x-2.2.5\cocos2dx\proj.win32\Debug.win32\vc110.pdb
D:\HostShare\cocos2d-x-2.2.5\projects\TextPoker\proj.win32\Debug.win32\libcocos2d.pdb
D:\HostShare\cocos2d-x-2.2.5\projects\TextPoker\proj.win32\Debug.win32\libcocos2d.dll
